==20267== Memcheck, a memory error detector
==20267== Copyright (C) 2002-2017, and GNU GPL'd, by Julian Seward et al.
==20267== Using Valgrind-3.15.0 and LibVEX; rerun with -h for copyright info
==20267== Command: run
==20267== Parent PID: 4362
==20267== 
==20267== 
==20267== HEAP SUMMARY:
==20267==     in use at exit: 363 bytes in 8 blocks
==20267==   total heap usage: 99 allocs, 91 frees, 56,430 bytes allocated
==20267== 
==20267== 8 bytes in 1 blocks are definitely lost in loss record 1 of 3
==20267==    at 0x4C2AC38: operator new[](unsigned long) (vg_replace_malloc.c:433)
==20267==    by 0x4032DA: ??? (in /nfs/stak/users/larsotaz/CS_162/assignment3/assign3/run)
==20267==    by 0x40375D: ??? (in /nfs/stak/users/larsotaz/CS_162/assignment3/assign3/run)
==20267==    by 0x40343B: ??? (in /nfs/stak/users/larsotaz/CS_162/assignment3/assign3/run)
==20267==    by 0x4042B2: ??? (in /nfs/stak/users/larsotaz/CS_162/assignment3/assign3/run)
==20267==    by 0x4014FD: ??? (in /nfs/stak/users/larsotaz/CS_162/assignment3/assign3/run)
==20267==    by 0x5679554: (below main) (libc-start.c:266)
==20267== 
==20267== 355 (152 direct, 203 indirect) bytes in 1 blocks are definitely lost in loss record 3 of 3
==20267==    at 0x4C2AC38: operator new[](unsigned long) (vg_replace_malloc.c:433)
==20267==    by 0x401E98: ??? (in /nfs/stak/users/larsotaz/CS_162/assignment3/assign3/run)
==20267==    by 0x402394: ??? (in /nfs/stak/users/larsotaz/CS_162/assignment3/assign3/run)
==20267==    by 0x40347E: ??? (in /nfs/stak/users/larsotaz/CS_162/assignment3/assign3/run)
==20267==    by 0x4042B2: ??? (in /nfs/stak/users/larsotaz/CS_162/assignment3/assign3/run)
==20267==    by 0x4014FD: ??? (in /nfs/stak/users/larsotaz/CS_162/assignment3/assign3/run)
==20267==    by 0x5679554: (below main) (libc-start.c:266)
==20267== 
==20267== LEAK SUMMARY:
==20267==    definitely lost: 160 bytes in 2 blocks
==20267==    indirectly lost: 203 bytes in 6 blocks
==20267==      possibly lost: 0 bytes in 0 blocks
==20267==    still reachable: 0 bytes in 0 blocks
==20267==         suppressed: 0 bytes in 0 blocks
==20267== 
==20267== For lists of detected and suppressed errors, rerun with: -s
==20267== ERROR SUMMARY: 2 errors from 2 contexts (suppressed: 0 from 0)
